<?xml version="1.0" encoding="UTF-8"?>
<!-- Generated by org.testng.reporters.JUnitReportReporter -->
<testsuite hostname="ANISH-PC" failures="0" tests="6" name="com.Feb25.Tetsng_priority" time="0.043" errors="0" timestamp="25 Feb 2024 05:52:12 GMT" skipped="0">
  <testcase classname="com.Feb25.Tetsng_priority" name="test1" time="0.017"/>
  <testcase classname="com.Feb25.Tetsng_priority" name="test3" time="0.006"/>
  <testcase classname="com.Feb25.Tetsng_priority" name="test3" time="0.004"/>
  <testcase classname="com.Feb25.Tetsng_priority" name="test2" time="0.003"/>
  <testcase classname="com.Feb25.Tetsng_priority" name="test2" time="0.009"/>
  <testcase classname="com.Feb25.Tetsng_priority" name="test2" time="0.004"/>
</testsuite> <!-- com.Feb25.Tetsng_priority -->
