<?xml version="1.0" encoding="UTF-8"?>
<!-- Generated by org.testng.reporters.JUnitReportReporter -->
<testsuite hostname="ANISH-PC" failures="0" tests="1" name="testng.Priority_testng" time="14.457" errors="0" timestamp="25 Feb 2024 06:43:41 GMT" skipped="0">
  <testcase classname="testng.Priority_testng" name="test1" time="14.457"/>
</testsuite> <!-- testng.Priority_testng -->
