<?xml version="1.0" encoding="UTF-8"?>
<!-- Generated by org.testng.reporters.JUnitReportReporter -->
<testsuite hostname="ANISH-PC" failures="0" tests="1" name="testng.priority2_testng" time="11.442" errors="0" timestamp="25 Feb 2024 06:43:41 GMT" skipped="0">
  <testcase classname="testng.priority2_testng" name="test1" time="11.442"/>
</testsuite> <!-- testng.priority2_testng -->
