<?xml version="1.0" encoding="UTF-8"?>
<!-- Generated by org.testng.reporters.JUnitReportReporter -->
<testsuite hostname="ANISH-PC" failures="0" tests="3" name="com.February25.Programs" time="81.927" errors="0" timestamp="25 Feb 2024 11:16:22 GMT" skipped="0">
  <testcase classname="com.February25.Programs" name="Launch" time="38.604"/>
  <testcase classname="com.February25.Programs" name="Navigate" time="25.339"/>
  <testcase classname="com.February25.Programs" name="Getcurrenturl" time="17.984"/>
</testsuite> <!-- com.February25.Programs -->
