<?xml version="1.0" encoding="UTF-8"?>
<!-- Generated by org.testng.reporters.JUnitReportReporter -->
<testsuite hostname="ANISH-PC" failures="0" tests="1" name="com.march28th.Screenshot" time="19.982" errors="0" timestamp="28 Feb 2024 12:00:19 GMT" skipped="0">
  <testcase classname="com.march28th.Screenshot" name="screenshot" time="19.982"/>
</testsuite> <!-- com.march28th.Screenshot -->
