<?xml version="1.0" encoding="UTF-8"?>
<!-- Generated by org.testng.reporters.JUnitReportReporter -->
<testsuite hostname="ANISH-PC" failures="0" tests="3" name="com.february22nd.Browser_launching" time="56.347" errors="0" timestamp="25 Feb 2024 06:07:09 GMT" skipped="0">
  <testcase classname="com.february22nd.Browser_launching" name="launch" time="19.227"/>
  <testcase classname="com.february22nd.Browser_launching" name="launch" time="22.008"/>
  <testcase classname="com.february22nd.Browser_launching" name="launch" time="15.112"/>
</testsuite> <!-- com.february22nd.Browser_launching -->
