<?xml version="1.0" encoding="UTF-8"?>
<!-- Generated by org.testng.reporters.JUnitReportReporter -->
<testsuite hostname="ANISH-PC" failures="0" tests="2" name="com.february22nd.Popup_alert" time="32.641" errors="0" timestamp="25 Feb 2024 05:56:31 GMT" skipped="0">
  <testcase classname="com.february22nd.Popup_alert" name="pops" time="17.200"/>
  <testcase classname="com.february22nd.Popup_alert" name="pops" time="15.441"/>
</testsuite> <!-- com.february22nd.Popup_alert -->
